0 verbose cli /usr/local/bin/node /usr/local/bin/npm
1 info using npm@9.6.6
2 info using node@v20.1.0
3 timing npm:load:whichnode Completed in 1ms
4 timing config:load:defaults Completed in 2ms
5 timing config:load:file:/usr/local/lib/node_modules/npm/npmrc Completed in 0ms
6 timing config:load:builtin Completed in 1ms
7 timing config:load:cli Completed in 2ms
8 timing config:load:env Completed in 0ms
9 timing config:load:project Completed in 1ms
10 timing config:load:file:/usr/src/app/.npmrc Completed in 0ms
11 timing config:load:user Completed in 1ms
12 timing config:load:file:/usr/local/etc/npmrc Completed in 0ms
13 timing config:load:global Completed in 0ms
14 timing config:load:setEnvs Completed in 1ms
15 timing config:load Completed in 8ms
16 timing npm:load:configload Completed in 8ms
17 timing npm:load:mkdirpcache Completed in 0ms
18 timing npm:load:mkdirplogs Completed in 1ms
19 verbose title npm run dev
20 verbose argv "run" "dev"
21 timing npm:load:setTitle Completed in 1ms
22 timing config:load:flatten Completed in 2ms
23 timing npm:load:display Completed in 4ms
24 verbose logfile logs-max:10 dir:/usr/src/app/.npm/_logs/2023-05-07T22_59_36_406Z-
25 verbose logfile /usr/src/app/.npm/_logs/2023-05-07T22_59_36_406Z-debug-0.log
26 timing npm:load:logFile Completed in 9ms
27 timing npm:load:timers Completed in 0ms
28 timing npm:load:configScope Completed in 0ms
29 timing npm:load Completed in 25ms
30 silly logfile done cleaning log files
31 http fetch GET 200 https://registry.npmjs.org/npm 6289ms (cache miss)
32 timing command:run Completed in 1708915ms
33 verbose stack Error: command failed
33 verbose stack     at ChildProcess.<anonymous> (/usr/local/lib/node_modules/npm/node_modules/@npmcli/promise-spawn/lib/index.js:53:27)
33 verbose stack     at ChildProcess.emit (node:events:511:28)
33 verbose stack     at maybeClose (node:internal/child_process:1098:16)
33 verbose stack     at ChildProcess._handle.onexit (node:internal/child_process:304:5)
34 verbose pkgid backend@1.0.0
35 verbose cwd /usr/src/app
36 verbose Linux 5.15.0-69-generic
37 verbose node v20.1.0
38 verbose npm  v9.6.6
39 error path /usr/src/app
40 error command failed
41 error signal SIGTERM
42 error command sh -c nodemon server.js
43 verbose exit 1
44 timing npm Completed in 1708975ms
45 verbose code 1
46 error A complete log of this run can be found in: /usr/src/app/.npm/_logs/2023-05-07T22_59_36_406Z-debug-0.log
